<?xml version="1.0" encoding="UTF-8"?>
<testsuite name="hexlet.code.DifferTest" tests="4" skipped="0" failures="0" errors="0" timestamp="2022-11-03T19:48:47" hostname="MAINMAX" time="0.026">
  <properties/>
  <testcase name="differTest1()" classname="hexlet.code.DifferTest" time="0.023"/>
  <testcase name="differTest2()" classname="hexlet.code.DifferTest" time="0.0"/>
  <testcase name="differTest3()" classname="hexlet.code.DifferTest" time="0.0"/>
  <testcase name="differTest4()" classname="hexlet.code.DifferTest" time="0.0"/>
  <system-out><![CDATA[]]></system-out>
  <system-err><![CDATA[]]></system-err>
</testsuite>
